app/build/intermediates/manifest_merge_blame_file/debug/manifest-merger-blame-debug-report.txt
1<?xml version="1.0" encoding="utf-8"?>
2<manifest xmlns:android="http://schemas.android.com/apk/res/android"
3    package="com.example.listadofactura"
4    android:versionCode="1"
5    android:versionName="1.0" >
6
7    <uses-sdk
8        android:minSdkVersion="26"
8-->src\main\AndroidManifest.xml
9        android:targetSdkVersion="30" />
9-->src\main\AndroidManifest.xml
10
11    <uses-permission android:name="android.permission.ACCESS_NETWORK_STATE" />
11-->src\main\AndroidManifest.xml:5:5-79
11-->src\main\AndroidManifest.xml:5:22-76
12    <uses-permission android:name="android.permission.INTERNET" />
12-->src\main\AndroidManifest.xml:6:5-67
12-->src\main\AndroidManifest.xml:6:22-64
13
14    <application
14-->src\main\AndroidManifest.xml:7:5-25:19
15        android:name="com.example.listadofactura.myApplication"
15-->src\main\AndroidManifest.xml:8:9-38
16        android:allowBackup="true"
16-->src\main\AndroidManifest.xml:9:9-35
17        android:appComponentFactory="androidx.core.app.CoreComponentFactory"
17-->[androidx.core:core:1.3.2] AndroidManifest.xml:24:18-86
18        android:debuggable="true"
19        android:extractNativeLibs="false"
20        android:icon="@mipmap/ic_launcher"
20-->src\main\AndroidManifest.xml:10:9-43
21        android:label="@string/app_name"
21-->src\main\AndroidManifest.xml:11:9-41
22        android:roundIcon="@mipmap/ic_launcher_round"
22-->src\main\AndroidManifest.xml:12:9-54
23        android:supportsRtl="true"
23-->src\main\AndroidManifest.xml:13:9-35
24        android:theme="@style/Theme.ListadoFactura" >
24-->src\main\AndroidManifest.xml:14:9-52
25        <activity
25-->src\main\AndroidManifest.xml:15:9-24:20
26            android:name="com.example.listadofactura.ui.MainActivity"
26-->src\main\AndroidManifest.xml:16:13-44
27            android:label="@string/app_name"
27-->src\main\AndroidManifest.xml:17:13-45
28            android:theme="@style/Theme.ListadoFactura.NoActionBar" >
28-->src\main\AndroidManifest.xml:18:13-68
29            <intent-filter>
29-->src\main\AndroidManifest.xml:19:13-23:29
30                <action android:name="android.intent.action.MAIN" />
30-->src\main\AndroidManifest.xml:20:17-69
30-->src\main\AndroidManifest.xml:20:25-66
31
32                <category android:name="android.intent.category.LAUNCHER" />
32-->src\main\AndroidManifest.xml:22:17-77
32-->src\main\AndroidManifest.xml:22:27-74
33            </intent-filter>
34        </activity>
35
36        <service
36-->[androidx.room:room-runtime:2.3.0] AndroidManifest.xml:25:9-28:40
37            android:name="androidx.room.MultiInstanceInvalidationService"
37-->[androidx.room:room-runtime:2.3.0] AndroidManifest.xml:26:13-74
38            android:directBootAware="true"
38-->[androidx.room:room-runtime:2.3.0] AndroidManifest.xml:27:13-43
39            android:exported="false" />
39-->[androidx.room:room-runtime:2.3.0] AndroidManifest.xml:28:13-37
40    </application>
41
42</manifest>